<?xml version="1.0" encoding="UTF-8"?>
<!-- Generated by org.testng.reporters.JUnitXMLReporter -->
<testsuite ignored="1" hostname="DESKTOP-RRL37TT" failures="0" tests="1" name="Test(failed)(failed)" time="12.145" errors="0" timestamp="2024-12-11T08:35:15 ART">
  <testcase classname="com.selenium.test.googleTest" name="ValidarGoogleSearch" time="9.203"/>
  <testcase classname="com.selenium.test.googleTest" name="BuscarYValidarOtraPaginaChrome" time="0.0">
    <ignored/>
  </testcase> <!-- BuscarYValidarOtraPaginaChrome -->
</testsuite> <!-- Test(failed)(failed) -->
