<?xml version="1.0" encoding="UTF-8"?>
<!-- Generated by org.testng.reporters.JUnitXMLReporter -->
<testsuite ignored="0" hostname="DESKTOP-RRL37TT" failures="1" tests="5" name="Test" time="45.695" errors="0" timestamp="2024-12-11T08:28:44 ART">
  <testcase classname="com.selenium.test.googleTest" name="ValidarGoogleSearch" time="6.691"/>
  <testcase classname="com.selenium.test.googleTest" name="ValidarGoogleSearch" time="7.136"/>
  <testcase classname="com.selenium.test.googleTest" name="ValidarGoogleSearch" time="3.721">
    <failure type="java.lang.AssertionError" message="El textoRicardo Arjonano se encontró en el primer resultado expected [true] but found [false]">
      <![CDATA[java.lang.AssertionError: El textoRicardo Arjonano se encontró en el primer resultado expected [true] but found [false]
at com.selenium.test.googleTest.ValidarGoogleSearch(googleTest.java:71)
at java.base/java.util.ArrayList.forEach(ArrayList.java:1597)
... Removed 28 stack frames]]>
    </failure>
  </testcase> <!-- ValidarGoogleSearch -->
  <testcase classname="com.selenium.test.googleTest" name="ValidarGoogleSearch" time="11.379"/>
  <testcase classname="com.selenium.test.googleTest" name="BuscarYValidarOtraPaginaChrome" time="5.185"/>
</testsuite> <!-- Test -->
