<?xml version="1.0" encoding="UTF-8"?>
<!-- Generated by org.testng.reporters.JUnitXMLReporter -->
<testsuite ignored="0" hostname="DESKTOP-RRL37TT" failures="0" tests="5" name="Test" time="55.36" errors="0" timestamp="2024-12-13T09:21:00 ART">
  <testcase classname="com.selenium.test.googleTest" name="ValidarGoogleSearch" time="6.216"/>
  <testcase classname="com.selenium.test.googleTest" name="ValidarGoogleSearch" time="7.363"/>
  <testcase classname="com.selenium.test.googleTest" name="ValidarGoogleSearch" time="5.982"/>
  <testcase classname="com.selenium.test.googleTest" name="ValidarGoogleSearch" time="8.491"/>
  <testcase classname="com.selenium.test.googleTest" name="BuscarYValidarOtraPaginaChrome" time="5.734"/>
</testsuite> <!-- Test -->
