<?xml version="1.0" encoding="UTF-8"?>
<testng-results ignored="0" total="1" passed="1" failed="0" skipped="0">
  <reporter-output>
    <line>
      <![CDATA[Abro browser]]>
    </line>
    <line>
      <![CDATA[Página de Google cargada]]>
    </line>
    <line>
      <![CDATA[Verificar que la barra de búsqueda se esté mostrando]]>
    </line>
    <line>
      <![CDATA[Validar que la barra de búsqueda esté visible]]>
    </line>
    <line>
      <![CDATA[Ingresar el texto 'Arjona']]>
    </line>
    <line>
      <![CDATA[Ingresar el texto 'Arjona' en la barra de búsqueda]]>
    </line>
    <line>
      <![CDATA[Presionar Enter para buscar]]>
    </line>
    <line>
      <![CDATA[Presionar Enter en la barra de búsqueda]]>
    </line>
    <line>
      <![CDATA[Verificar que el título del primer resultado contenga el texto buscado]]>
    </line>
    <line>
      <![CDATA[Obteniendo el título del primer resultado]]>
    </line>
    <line>
      <![CDATA[Texto del primer resultado: Ricardo Arjona - Despacio Que Hay Prisa (Video Oficial)]]>
    </line>
    <line>
      <![CDATA[Verificar que las estadísticas de resultados estén visibles]]>
    </line>
    <line>
      <![CDATA[Obteniendo las estadísticas de los resultados]]>
    </line>
    <line>
      <![CDATA[Espera]]>
    </line>
    <line>
      <![CDATA[Cerrando el browser]]>
    </line>
  </reporter-output>
  <suite started-at="2024-12-11T08:35:02 ART" name="Failed suite [Failed suite [Suite]]" finished-at="2024-12-11T08:35:15 ART" duration-ms="12145">
    <groups>
    </groups>
    <test started-at="2024-12-11T08:35:02 ART" name="Test(failed)(failed)" finished-at="2024-12-11T08:35:15 ART" duration-ms="12145">
      <class name="com.selenium.test.googleTest">
        <test-method is-config="true" signature="Precondicion(org.testng.ITestContext)[pri:0, instance:com.selenium.test.googleTest@2accdbb5]" started-at="2024-12-11T08:35:02 ART" name="Precondicion" finished-at="2024-12-11T08:35:05 ART" duration-ms="2559" status="PASS">
          <params>
            <param index="0">
              <value>
                <![CDATA[org.testng.TestRunner@30b34287]]>
              </value>
            </param>
          </params>
          <reporter-output>
            <line>
              <![CDATA[Abro browser]]>
            </line>
          </reporter-output>
        </test-method> <!-- Precondicion -->
        <test-method signature="ValidarGoogleSearch(java.lang.String)[pri:0, instance:com.selenium.test.googleTest@2accdbb5]" started-at="2024-12-11T08:35:05 ART" name="ValidarGoogleSearch" description="Validar que las búsquedas en Google funcionan" data-provider="datos" finished-at="2024-12-11T08:35:14 ART" duration-ms="9203" status="PASS">
          <params>
            <param index="0">
              <value>
                <![CDATA[Arjona]]>
              </value>
            </param>
          </params>
          <reporter-output>
            <line>
              <![CDATA[Página de Google cargada]]>
            </line>
            <line>
              <![CDATA[Verificar que la barra de búsqueda se esté mostrando]]>
            </line>
            <line>
              <![CDATA[Validar que la barra de búsqueda esté visible]]>
            </line>
            <line>
              <![CDATA[Ingresar el texto 'Arjona']]>
            </line>
            <line>
              <![CDATA[Ingresar el texto 'Arjona' en la barra de búsqueda]]>
            </line>
            <line>
              <![CDATA[Presionar Enter para buscar]]>
            </line>
            <line>
              <![CDATA[Presionar Enter en la barra de búsqueda]]>
            </line>
            <line>
              <![CDATA[Verificar que el título del primer resultado contenga el texto buscado]]>
            </line>
            <line>
              <![CDATA[Obteniendo el título del primer resultado]]>
            </line>
            <line>
              <![CDATA[Texto del primer resultado: Ricardo Arjona - Despacio Que Hay Prisa (Video Oficial)]]>
            </line>
            <line>
              <![CDATA[Verificar que las estadísticas de resultados estén visibles]]>
            </line>
            <line>
              <![CDATA[Obteniendo las estadísticas de los resultados]]>
            </line>
            <line>
              <![CDATA[Espera]]>
            </line>
          </reporter-output>
        </test-method> <!-- ValidarGoogleSearch -->
        <test-method is-config="true" signature="Postcondicion()[pri:0, instance:com.selenium.test.googleTest@2accdbb5]" started-at="2024-12-11T08:35:14 ART" name="Postcondicion" finished-at="2024-12-11T08:35:14 ART" duration-ms="338" status="PASS">
          <reporter-output>
            <line>
              <![CDATA[Cerrando el browser]]>
            </line>
          </reporter-output>
        </test-method> <!-- Postcondicion -->
      </class> <!-- com.selenium.test.googleTest -->
    </test> <!-- Test(failed)(failed) -->
  </suite> <!-- Failed suite [Failed suite [Suite]] -->
</testng-results>
